<?xml version="1.0" encoding="UTF-8"?>
<!-- Generated by org.testng.reporters.JUnitReportReporter -->
<testsuite hostname="DESKTOP-63B9VMP" name="com.TestngFramework.DataproviderSimpleex" tests="3" failures="0" timestamp="17 Jul 2025 12:17:31 GMT" time="14.618" errors="0">
  <testcase name="login" time="4.384" classname="com.TestngFramework.DataproviderSimpleex"/>
  <testcase name="login" time="5.824" classname="com.TestngFramework.DataproviderSimpleex"/>
  <testcase name="login" time="4.410" classname="com.TestngFramework.DataproviderSimpleex"/>
</testsuite> <!-- com.TestngFramework.DataproviderSimpleex -->
