<?xml version="1.0" encoding="UTF-8"?>
<!-- Generated by org.testng.reporters.JUnitReportReporter -->
<testsuite hostname="DESKTOP-63B9VMP" name="com.TestngFramework.BeforeclassAfterclassanotation" tests="2" failures="0" timestamp="15 Jul 2025 15:25:05 GMT" time="0.062" errors="0">
  <testcase name="search" time="0.000" classname="com.TestngFramework.BeforeclassAfterclassanotation"/>
  <testcase name="advsearch" time="0.062" classname="com.TestngFramework.BeforeclassAfterclassanotation"/>
</testsuite> <!-- com.TestngFramework.BeforeclassAfterclassanotation -->
