<?xml version="1.0" encoding="UTF-8"?>
<!-- Generated by org.testng.reporters.JUnitReportReporter -->
<testsuite hostname="DESKTOP-63B9VMP" name="com.TestngFramework.AllAnnotations" tests="7" failures="0" timestamp="17 Jul 2025 12:21:35 GMT" time="0.046" errors="0">
  <testcase name="m1" time="0.031" classname="com.TestngFramework.AllAnnotations"/>
  <testcase name="m3" time="0.000" classname="com.TestngFramework.AllAnnotations"/>
  <testcase name="m2" time="0.000" classname="com.TestngFramework.AllAnnotations"/>
  <testcase name="m4" time="0.000" classname="com.TestngFramework.AllAnnotations"/>
  <testcase name="m5" time="0.000" classname="com.TestngFramework.AllAnnotations"/>
  <testcase name="m6" time="0.015" classname="com.TestngFramework.AllAnnotations"/>
  <testcase name="m1" time="0.000" classname="com.TestngFramework.AllAnnotations"/>
</testsuite> <!-- com.TestngFramework.AllAnnotations -->
