<?xml version="1.0" encoding="UTF-8"?>
<!-- Generated by org.testng.reporters.JUnitReportReporter -->
<testsuite hostname="DESKTOP-63B9VMP" name="com.TestngFramework.testng2" tests="2" failures="0" timestamp="15 Jul 2025 12:01:36 GMT" time="0.015" errors="0">
  <testcase name="m2" time="0.000" classname="com.TestngFramework.testng2"/>
  <testcase name="m1" time="0.015" classname="com.TestngFramework.testng2"/>
</testsuite> <!-- com.TestngFramework.testng2 -->
