<?xml version="1.0" encoding="UTF-8"?>
<!-- Generated by org.testng.reporters.JUnitReportReporter -->
<testsuite hostname="DESKTOP-63B9VMP" name="includeexcludemethod.test3" tests="1" failures="0" timestamp="17 Jul 2025 14:58:10 GMT" time="0.047" errors="0">
  <testcase name="scessfull" time="0.047" classname="includeexcludemethod.test3"/>
</testsuite> <!-- includeexcludemethod.test3 -->
