<?xml version="1.0" encoding="UTF-8"?>
<!-- Generated by org.testng.reporters.JUnitReportReporter -->
<testsuite hostname="DESKTOP-63B9VMP" name="com.TestngFramework.BeforeMethodAfterMethod" tests="2" failures="0" timestamp="15 Jul 2025 15:59:48 GMT" time="27.765" errors="0">
  <testcase name="male" time="13.675" classname="com.TestngFramework.BeforeMethodAfterMethod"/>
  <testcase name="female" time="14.090" classname="com.TestngFramework.BeforeMethodAfterMethod"/>
</testsuite> <!-- com.TestngFramework.BeforeMethodAfterMethod -->
