<?xml version="1.0" encoding="UTF-8"?>
<!-- Generated by org.testng.reporters.JUnitReportReporter -->
<testsuite hostname="DESKTOP-63B9VMP" name="com.TestngFrameworkBeforeTestAfterTest.test4" tests="2" failures="0" timestamp="16 Jul 2025 10:06:06 GMT" time="0.001" errors="0">
  <testcase name="d2" time="0.001" classname="com.TestngFrameworkBeforeTestAfterTest.test4"/>
  <testcase name="d1" time="0.000" classname="com.TestngFrameworkBeforeTestAfterTest.test4"/>
</testsuite> <!-- com.TestngFrameworkBeforeTestAfterTest.test4 -->
