<?xml version="1.0" encoding="UTF-8"?>
<!-- Generated by org.testng.reporters.JUnitReportReporter -->
<testsuite hostname="DESKTOP-63B9VMP" name="parametertesng.test11" tests="1" failures="0" timestamp="17 Jul 2025 15:39:52 GMT" time="0.016" errors="0">
  <testcase name="loginTest" time="0.016" classname="parametertesng.test11"/>
</testsuite> <!-- parametertesng.test11 -->
