<?xml version="1.0" encoding="UTF-8"?>
<!-- Generated by org.testng.reporters.JUnitReportReporter -->
<testsuite hostname="DESKTOP-63B9VMP" name="com.TestngFramework.BeforeAfterAnnotation" tests="2" failures="0" timestamp="15 Jul 2025 15:28:48 GMT" time="7.029" errors="0">
  <testcase name="fullname" time="4.898" classname="com.TestngFramework.BeforeAfterAnnotation"/>
  <testcase name="lastname" time="2.131" classname="com.TestngFramework.BeforeAfterAnnotation"/>
</testsuite> <!-- com.TestngFramework.BeforeAfterAnnotation -->
