<?xml version="1.0" encoding="UTF-8"?>
<!-- Generated by org.testng.reporters.JUnitReportReporter -->
<testsuite hostname="DESKTOP-63B9VMP" name="includeexcludemethod.test1" tests="2" failures="0" timestamp="17 Jul 2025 14:58:10 GMT" time="0.015" errors="0">
  <testcase name="uname" time="0.000" classname="includeexcludemethod.test1"/>
  <testcase name="login" time="0.015" classname="includeexcludemethod.test1"/>
</testsuite> <!-- includeexcludemethod.test1 -->
