<?xml version="1.0" encoding="UTF-8"?>
<!-- Generated by org.testng.reporters.JUnitReportReporter -->
<testsuite hostname="DESKTOP-63B9VMP" name="com.beforesuitaftersuit.test1" tests="2" failures="0" timestamp="16 Jul 2025 10:54:09 GMT" time="2.401" errors="0">
  <testcase name="m3" time="2.384" classname="com.beforesuitaftersuit.test1"/>
  <testcase name="m2" time="0.017" classname="com.beforesuitaftersuit.test1"/>
</testsuite> <!-- com.beforesuitaftersuit.test1 -->
