<?xml version="1.0" encoding="UTF-8"?>
<!-- Generated by org.testng.reporters.JUnitReportReporter -->
<testsuite hostname="DESKTOP-63B9VMP" name="parametertesng.test12" tests="1" failures="0" timestamp="17 Jul 2025 15:39:52 GMT" time="0.000" errors="0">
  <testcase name="loginTest" time="0.000" classname="parametertesng.test12"/>
</testsuite> <!-- parametertesng.test12 -->
