<?xml version="1.0" encoding="UTF-8"?>
<!-- Generated by org.testng.reporters.JUnitReportReporter -->
<testsuite hostname="DESKTOP-63B9VMP" name="com.TestngFramework.Imptestannotations" tests="2" failures="0" timestamp="15 Jul 2025 15:15:50 GMT" time="0.015" errors="0">
  <testcase name="search" time="0.000" classname="com.TestngFramework.Imptestannotations"/>
  <testcase name="advsearch" time="0.015" classname="com.TestngFramework.Imptestannotations"/>
</testsuite> <!-- com.TestngFramework.Imptestannotations -->
