<?xml version="1.0" encoding="UTF-8"?>
<!-- Generated by org.testng.reporters.JUnitReportReporter -->
<testsuite hostname="DESKTOP-63B9VMP" name="com.TestngFramework.DataproviderExcelsheetex" tests="4" failures="0" timestamp="17 Jul 2025 11:44:23 GMT" time="17.040" errors="0">
  <testcase name="login" time="4.268" classname="com.TestngFramework.DataproviderExcelsheetex"/>
  <testcase name="login" time="4.289" classname="com.TestngFramework.DataproviderExcelsheetex"/>
  <testcase name="login" time="4.258" classname="com.TestngFramework.DataproviderExcelsheetex"/>
  <testcase name="login" time="4.225" classname="com.TestngFramework.DataproviderExcelsheetex"/>
</testsuite> <!-- com.TestngFramework.DataproviderExcelsheetex -->
