<?xml version="1.0" encoding="UTF-8"?>
<!-- Generated by org.testng.reporters.JUnitReportReporter -->
<testsuite hostname="DESKTOP-63B9VMP" name="com.beforesuitaftersuit.test3" tests="1" failures="0" timestamp="16 Jul 2025 10:54:09 GMT" time="0.000" errors="0">
  <testcase name="m2" time="0.000" classname="com.beforesuitaftersuit.test3"/>
</testsuite> <!-- com.beforesuitaftersuit.test3 -->
