<?xml version="1.0" encoding="UTF-8"?>
<!-- Generated by org.testng.reporters.JUnitReportReporter -->
<testsuite hostname="DESKTOP-63B9VMP" name="com.groupframework.test1" tests="2" failures="0" timestamp="17 Jul 2025 12:58:40 GMT" time="0.000" errors="0">
  <testcase name="m3" time="0.000" classname="com.groupframework.test1"/>
  <testcase name="m5" time="0.000" classname="com.groupframework.test1"/>
</testsuite> <!-- com.groupframework.test1 -->
