<?xml version="1.0" encoding="UTF-8"?>
<!-- Generated by org.testng.reporters.JUnitReportReporter -->
<testsuite hostname="DESKTOP-63B9VMP" name="com.groupframework.test2" tests="2" failures="0" timestamp="17 Jul 2025 12:58:40 GMT" time="0.031" errors="0">
  <testcase name="a4" time="0.000" classname="com.groupframework.test2"/>
  <testcase name="a3" time="0.031" classname="com.groupframework.test2"/>
</testsuite> <!-- com.groupframework.test2 -->
