<?xml version="1.0" encoding="UTF-8"?>
<!-- Generated by org.testng.reporters.JUnitReportReporter -->
<testsuite hostname="DESKTOP-63B9VMP" name="com.TestngFramework.testng1st" tests="3" failures="0" timestamp="15 Jul 2025 12:01:36 GMT" time="60.604" errors="0">
  <testcase name="password" time="0.128" classname="com.TestngFramework.testng1st"/>
  <testcase name="submit" time="7.898" classname="com.TestngFramework.testng1st"/>
  <testcase name="username" time="52.578" classname="com.TestngFramework.testng1st"/>
</testsuite> <!-- com.TestngFramework.testng1st -->
