<?xml version="1.0" encoding="UTF-8"?>
<!-- Generated by org.testng.reporters.JUnitReportReporter -->
<testsuite hostname="DESKTOP-63B9VMP" name="com.TestngFrameworkBeforeTestAfterTest.test1" tests="2" failures="0" timestamp="16 Jul 2025 10:06:06 GMT" time="0.000" errors="0">
  <testcase name="a2" time="0.000" classname="com.TestngFrameworkBeforeTestAfterTest.test1"/>
  <testcase name="a1" time="0.000" classname="com.TestngFrameworkBeforeTestAfterTest.test1"/>
</testsuite> <!-- com.TestngFrameworkBeforeTestAfterTest.test1 -->
